# JRE version: OpenJDK Runtime Environment (23.0+37) (build 23+37-2369)
# Java VM: OpenJDK 64-Bit Server VM (23+37-2369, mixed mode, sharing, tiered, compressed oops, compressed class ptrs, g1 gc, windows-amd64)
GC Precious Log:
 CardTable entry size: 512
 Card Set container configuration: InlinePtr #cards 4 size 8 Array Of Cards #cards 16 size 48 Howl #buckets 8 coarsen threshold 3686 Howl Bitmap #cards 512 size 80 coarsen threshold 460 Card regions per heap region 1 cards per card region 4096
 CPUs: 16 total, 16 available
 Memory: 16109M
 Large Page Support: Disabled
 NUMA Support: Disabled
 Compressed Oops: Enabled (Zero based)
 Heap Region Size: 2M
 Heap Min Capacity: 8M
 Heap Initial Capacity: 252M
 Heap Max Capacity: 4028M
 Pre-touch: Disabled
 Parallel Workers: 13
 Concurrent Workers: 3
 Concurrent Refinement Workers: 13
 Periodic GC: Disabled
Heap:
 garbage-first heap   total reserved 4124672K, committed 104448K, used 79829K [0x0000000704400000, 0x0000000800000000)
  region size 2048K, 25 young (51200K), 4 survivors (8192K)
 Metaspace       used 82199K, committed 82944K, reserved 1179648K
  class space    used 11354K, committed 11712K, reserved 1048576K
GC Heap History (20 events):
Event: 3.032 GC heap before
{Heap before GC invocations=6 (full 0):
 garbage-first heap   total reserved 4124672K, committed 59392K, used 42888K [0x0000000704400000, 0x0000000800000000)
  region size 2048K, 14 young (28672K), 2 survivors (4096K)
 Metaspace       used 33245K, committed 33792K, reserved 1114112K
  class space    used 4348K, committed 4608K, reserved 1048576K
}
Event: 3.038 GC heap after
{Heap after GC invocations=7 (full 0):
 garbage-first heap   total reserved 4124672K, committed 59392K, used 20579K [0x0000000704400000, 0x0000000800000000)
  region size 2048K, 1 young (2048K), 1 survivors (2048K)
 Metaspace       used 33245K, committed 33792K, reserved 1114112K
  class space    used 4348K, committed 4608K, reserved 1048576K
}
Event: 3.324 GC heap before
{Heap before GC invocations=7 (full 0):
 garbage-first heap   total reserved 4124672K, committed 59392K, used 28771K [0x0000000704400000, 0x0000000800000000)
  region size 2048K, 6 young (12288K), 1 survivors (2048K)
 Metaspace       used 35446K, committed 35968K, reserved 1114112K
  class space    used 4653K, committed 4864K, reserved 1048576K
}
Event: 3.327 GC heap after
{Heap after GC invocations=8 (full 0):
 garbage-first heap   total reserved 4124672K, committed 59392K, used 20785K [0x0000000704400000, 0x0000000800000000)
  region size 2048K, 2 young (4096K), 2 survivors (4096K)
 Metaspace       used 35446K, committed 35968K, reserved 1114112K
  class space    used 4653K, committed 4864K, reserved 1048576K
}
Event: 4.069 GC heap before
{Heap before GC invocations=9 (full 0):
 garbage-first heap   total reserved 4124672K, committed 59392K, used 45361K [0x0000000704400000, 0x0000000800000000)
  region size 2048K, 14 young (28672K), 2 survivors (4096K)
 Metaspace       used 45952K, committed 46400K, reserved 1114112K
  class space    used 6080K, committed 6272K, reserved 1048576K
}
Event: 4.075 GC heap after
{Heap after GC invocations=10 (full 0):
 garbage-first heap   total reserved 4124672K, committed 59392K, used 23340K [0x0000000704400000, 0x0000000800000000)
  region size 2048K, 2 young (4096K), 2 survivors (4096K)
 Metaspace       used 45952K, committed 46400K, reserved 1114112K
  class space    used 6080K, committed 6272K, reserved 1048576K
}
Event: 4.445 GC heap before
{Heap before GC invocations=10 (full 0):
 garbage-first heap   total reserved 4124672K, committed 59392K, used 43820K [0x0000000704400000, 0x0000000800000000)
  region size 2048K, 13 young (26624K), 2 survivors (4096K)
 Metaspace       used 50284K, committed 50816K, reserved 1114112K
  class space    used 6667K, committed 6912K, reserved 1048576K
}
Event: 4.453 GC heap after
{Heap after GC invocations=11 (full 0):
 garbage-first heap   total reserved 4124672K, committed 59392K, used 25070K [0x0000000704400000, 0x0000000800000000)
  region size 2048K, 1 young (2048K), 1 survivors (2048K)
 Metaspace       used 50284K, committed 50816K, reserved 1114112K
  class space    used 6667K, committed 6912K, reserved 1048576K
}
Event: 4.928 GC heap before
{Heap before GC invocations=11 (full 0):
 garbage-first heap   total reserved 4124672K, committed 59392K, used 49646K [0x0000000704400000, 0x0000000800000000)
  region size 2048K, 13 young (26624K), 1 survivors (2048K)
 Metaspace       used 57726K, committed 58368K, reserved 1114112K
  class space    used 7861K, committed 8128K, reserved 1048576K
}
Event: 4.932 GC heap after
{Heap after GC invocations=12 (full 0):
 garbage-first heap   total reserved 4124672K, committed 159744K, used 25929K [0x0000000704400000, 0x0000000800000000)
  region size 2048K, 2 young (4096K), 2 survivors (4096K)
 Metaspace       used 57726K, committed 58368K, reserved 1114112K
  class space    used 7861K, committed 8128K, reserved 1048576K
}
Event: 5.128 GC heap before
{Heap before GC invocations=12 (full 0):
 garbage-first heap   total reserved 4124672K, committed 159744K, used 38217K [0x0000000704400000, 0x0000000800000000)
  region size 2048K, 9 young (18432K), 2 survivors (4096K)
 Metaspace       used 59724K, committed 60288K, reserved 1114112K
  class space    used 8117K, committed 8384K, reserved 1048576K
}
Event: 5.132 GC heap after
{Heap after GC invocations=13 (full 0):
 garbage-first heap   total reserved 4124672K, committed 159744K, used 26555K [0x0000000704400000, 0x0000000800000000)
  region size 2048K, 2 young (4096K), 2 survivors (4096K)
 Metaspace       used 59724K, committed 60288K, reserved 1114112K
  class space    used 8117K, committed 8384K, reserved 1048576K
}
Event: 6.020 GC heap before
{Heap before GC invocations=14 (full 0):
 garbage-first heap   total reserved 4124672K, committed 96256K, used 94139K [0x0000000704400000, 0x0000000800000000)
  region size 2048K, 35 young (71680K), 2 survivors (4096K)
 Metaspace       used 67910K, committed 68544K, reserved 1114112K
  class space    used 9392K, committed 9664K, reserved 1048576K
}
Event: 6.027 GC heap after
{Heap after GC invocations=15 (full 0):
 garbage-first heap   total reserved 4124672K, committed 104448K, used 30499K [0x0000000704400000, 0x0000000800000000)
  region size 2048K, 4 young (8192K), 4 survivors (8192K)
 Metaspace       used 67910K, committed 68544K, reserved 1114112K
  class space    used 9392K, committed 9664K, reserved 1048576K
}
Event: 6.380 GC heap before
{Heap before GC invocations=15 (full 0):
 garbage-first heap   total reserved 4124672K, committed 104448K, used 81699K [0x0000000704400000, 0x0000000800000000)
  region size 2048K, 29 young (59392K), 4 survivors (8192K)
 Metaspace       used 70994K, committed 71616K, reserved 1114112K
  class space    used 9916K, committed 10176K, reserved 1048576K
}
Event: 6.385 GC heap after
{Heap after GC invocations=16 (full 0):
 garbage-first heap   total reserved 4124672K, committed 104448K, used 31997K [0x0000000704400000, 0x0000000800000000)
  region size 2048K, 4 young (8192K), 4 survivors (8192K)
 Metaspace       used 70994K, committed 71616K, reserved 1114112K
  class space    used 9916K, committed 10176K, reserved 1048576K
}
Event: 6.956 GC heap before
{Heap before GC invocations=16 (full 0):
 garbage-first heap   total reserved 4124672K, committed 104448K, used 83197K [0x0000000704400000, 0x0000000800000000)
  region size 2048K, 29 young (59392K), 4 survivors (8192K)
 Metaspace       used 73664K, committed 74304K, reserved 1114112K
  class space    used 10302K, committed 10560K, reserved 1048576K
}
Event: 6.960 GC heap after
{Heap after GC invocations=17 (full 0):
 garbage-first heap   total reserved 4124672K, committed 104448K, used 34859K [0x0000000704400000, 0x0000000800000000)
  region size 2048K, 3 young (6144K), 3 survivors (6144K)
 Metaspace       used 73664K, committed 74304K, reserved 1114112K
  class space    used 10302K, committed 10560K, reserved 1048576K
}
Event: 24.141 GC heap before
{Heap before GC invocations=17 (full 0):
 garbage-first heap   total reserved 4124672K, committed 104448K, used 84011K [0x0000000704400000, 0x0000000800000000)
  region size 2048K, 28 young (57344K), 3 survivors (6144K)
 Metaspace       used 81082K, committed 81856K, reserved 1179648K
  class space    used 11290K, committed 11648K, reserved 1048576K
}
Event: 24.150 GC heap after
{Heap after GC invocations=18 (full 0):
 garbage-first heap   total reserved 4124672K, committed 104448K, used 38869K [0x0000000704400000, 0x0000000800000000)
  region size 2048K, 4 young (8192K), 4 survivors (8192K)
 Metaspace       used 81082K, committed 81856K, reserved 1179648K
  class space    used 11290K, committed 11648K, reserved 1048576K
}

